2025-04-22 18:57:00 - /api/empleados/obtenerTodos - ::1
2025-04-22 18:58:23 - /api/empleados/obtenerTodos - ::1
2025-04-25 17:40:52 - /api/empleados/obtenerTodos - ::1
2025-04-25 17:50:28 - /api/empleados/obtenerPorId/?id=1 - ::1
2025-04-25 17:50:38 - /api/empleados/obtenerPorId/?id=3 - ::1
2025-04-25 17:50:51 - /api/empleados/obtenerPorId/3 - ::1
2025-04-25 18:33:21 - /api/empleados/obtenerTodos - ::1
2025-04-25 18:34:10 - /api/empleados/obtenerPorId/2 - ::1
2025-04-25 18:34:23 - /api/empleados/ordenarPorPuestos/3 - ::1
2025-04-25 20:49:01 - /api/empleados/obtenerTodos - ::1
2025-04-25 20:49:32 - /api/empleados/obtenerTodos - ::1
2025-04-25 21:18:24 - /api/empleados/obtenerTodos - ::1
2025-04-25 21:18:56 - /api/empleados/obtenerTodos - ::1
2025-04-25 21:20:45 - /api/empleados/obtenerTodos - ::1
2025-04-25 21:34:26 - /api/empleados/obtenerTodos - ::1
2025-04-25 21:34:59 - /api/empleados/obtenerTodos - ::1
2025-04-25 21:37:00 - /api/empleados/obtenerTodos - ::1
2025-04-25 21:38:40 - /api/empleados/obtenerTodos - ::1
2025-04-25 21:39:15 - /api/empleados/obtenerTodos - ::1
2025-04-25 21:43:28 - /api/empleados/obtenerTodos - ::1
2025-04-25 21:50:30 - /api/empleados/obtenerTodos - ::1
2025-04-25 21:54:16 - /api/empleados/obtenerTodos - ::1
2025-04-25 21:56:03 - /api/empleados/obtenerTodos - ::1
2025-04-25 22:03:59 - /api/empleados/obtenerTodos - ::1
2025-04-25 22:06:52 - /api/empleados/obtenerTodos - ::1
2025-04-25 22:08:36 - /api/empleados/obtenerTodos - ::1
2025-04-25 22:08:39 - /api/empleados/obtenerTodos - ::1
2025-04-25 22:11:08 - /api/empleados/obtenerTodos - ::1
2025-04-25 22:11:38 - /api/empleados/obtenerTodos - ::1
2025-04-28 17:41:30 - /api/empleados/token - ::1
2025-04-28 17:50:47 - /api/empleados/obtenerTodos - ::1
2025-04-29 17:52:56 - /api/empleados/obtenerTodos - ::1
2025-04-29 17:53:05 - /api/empleados/obtenerTodos - ::1
2025-04-29 17:55:56 - /api/empleados/ordenarPorPuestos/3 - ::1
2025-04-29 17:56:29 - /api/empleados/ordenarPorPuestos/1 - ::1
2025-04-29 17:57:57 - /api/empleados/obtenerPorId/2 - ::1
2025-05-12 00:33:07 - /api/empleados/obtenerTodos - ::1
2025-05-12 00:33:27 - /api/ventas/total - ::1
2025-05-12 00:34:02 - /api/ventas/producto - ::1
2025-05-12 00:35:40 - /api/ventas/producto - ::1
2025-05-12 00:36:15 - /api/ventas/producto - ::1
2025-05-12 00:45:57 - /api/ventas/producto - ::1
2025-05-12 00:46:18 - /api/ventas/producto - ::1
2025-05-12 00:47:03 - /api/ventas/producto - ::1
2025-05-12 00:47:12 - /api/ventas/producto - ::1
2025-05-12 00:50:48 - /api/ventas/producto - ::1
2025-05-12 00:51:20 - /api/ventas/producto - ::1
2025-05-12 00:52:40 - /api/ventas/producto - ::1
2025-05-12 00:53:37 - /api/ventas/producto - ::1
2025-05-12 00:53:45 - /api/ventas/producto2 - ::1
2025-05-12 00:53:50 - /api/ventas/producto - ::1
2025-05-12 00:54:15 - /api/ventas - ::1
2025-05-12 01:07:02 - /api/ventas/total - ::1
2025-05-12 01:07:46 - /api/ventas/empleado - ::1
2025-05-12 01:09:11 - /api/ventas/producto - ::1
2025-05-12 01:09:39 - /api/ventas/sucursal - ::1
2025-05-12 01:10:10 - /api/ventas/lista - ::1
2025-05-12 01:10:55 - /api/empleados/token - ::1
2025-05-12 01:11:06 - /api/empleados/obtenerTodos - ::1
2025-05-12 01:11:23 - /api/ventas/total - ::1
2025-05-13 00:36:27 - /api/ventas/total - ::1
2025-05-13 00:38:29 - /api/ventas/total - ::1
2025-05-13 02:00:31 - /api/ventas/lista - ::1
2025-05-13 02:00:49 - /api/ventas/lista - ::1
2025-05-13 02:06:21 - /api/ventas/lista - ::1
2025-05-13 02:06:21 - /api/ventas/lista - ::1
2025-05-13 02:10:03 - /api/ventas/total - ::1
2025-05-13 02:10:43 - /api/ventas/lista - ::1
2025-05-13 02:10:43 - /api/ventas/lista - ::1
2025-05-13 02:18:32 - /api/ventas/lista - ::1
2025-05-13 02:18:44 - /api/ventas/lista - ::1
2025-05-13 02:18:44 - /api/ventas/lista - ::1
2025-05-13 02:34:07 - /api/ventas/lista - ::1
2025-05-13 02:34:07 - /api/ventas/lista - ::1
2025-05-13 02:44:27 - /api/ventas/lista - ::1
2025-05-13 02:44:27 - /api/ventas/lista - ::1
2025-05-13 02:45:12 - /api/ventas/lista - ::1
2025-05-13 02:45:12 - /api/ventas/lista - ::1
2025-05-13 02:45:29 - /api/ventas/lista - ::1
